
Start-Date: 2017-03-03  15:26:07
Commandline: /usr/bin/apt-get dist-upgrade -y
Install: libplymouth4:armhf (0.9.2-3+rpi1, automatic)
Upgrade: libpam-modules-bin:armhf (1.1.8-3.1+deb8u2, 1.1.8-3.1+deb8u2+rpi1), libpam-modules:armhf (1.1.8-3.1+deb8u2, 1.1.8-3.1+deb8u2+rpi1), libdrm2:armhf (2.4.58-2, 2.4.71-1+rpi1), plymouth:armhf (0.9.0-9, 0.9.2-3+rpi1), libpam0g:armhf (1.1.8-3.1+deb8u2, 1.1.8-3.1+deb8u2+rpi1), libpam-runtime:armhf (1.1.8-3.1+deb8u2, 1.1.8-3.1+deb8u2+rpi1)
End-Date: 2017-03-03  15:26:20

Start-Date: 2017-03-03  15:26:28
Commandline: /usr/bin/apt-get install -y raspberrypi-bootloader
Install: raspberrypi-kernel:armhf (1.20170303-1, automatic), raspberrypi-bootloader:armhf (1.20170303-1)
End-Date: 2017-03-03  15:27:07

Start-Date: 2017-03-03  15:27:14
Commandline: /usr/bin/apt-get install -y libraspberrypi-bin libraspberrypi0 raspi-config
Install: device-tree-compiler:armhf (1.4.1-1+rpi1, automatic), lua5.1:armhf (5.1.5-7.1, automatic), triggerhappy:armhf (0.3.4-2, automatic), libsamplerate0:armhf (0.1.8-8, automatic), libraspberrypi-bin:armhf (1.20170303-1), libparted2:armhf (3.2-7, automatic), parted:armhf (3.2-7, automatic), psmisc:armhf (22.21-2, automatic), raspi-config:armhf (20170228), libasound2:armhf (1.0.28-1+rpi2, automatic), libraspberrypi0:armhf (1.20170303-1), alsa-utils:armhf (1.0.28-1, automatic), libasound2-data:armhf (1.0.28-1+rpi2, automatic)
End-Date: 2017-03-03  15:27:24

Start-Date: 2017-03-03  15:27:29
Commandline: /usr/bin/apt-get install -y raspi-copies-and-fills
Install: raspi-copies-and-fills:armhf (0.5-1)
End-Date: 2017-03-03  15:27:29

Start-Date: 2017-03-03  15:27:35
Commandline: /usr/bin/apt-get install --no-install-recommends -y cifs-utils
Install: libcap-ng0:armhf (0.7.4-2, automatic), libkrb5-3:armhf (1.12.1+dfsg-19+deb8u2, automatic), libk5crypto3:armhf (1.12.1+dfsg-19+deb8u2, automatic), libkeyutils1:armhf (1.5.9-5, automatic), libtalloc2:armhf (2.1.2-0+deb8u1, automatic), samba-common:armhf (4.2.14+dfsg-0+deb8u2, automatic), libkrb5support0:armhf (1.12.1+dfsg-19+deb8u2, automatic), cifs-utils:armhf (6.4-1), ucf:armhf (3.0030, automatic), libwbclient0:armhf (4.2.14+dfsg-0+deb8u2, automatic)
End-Date: 2017-03-03  15:27:53

Start-Date: 2017-03-03  15:28:20
Commandline: /usr/bin/apt-get install -y ssh locales less fbset sudo psmisc strace module-init-tools ed ncdu crda console-setup keyboard-configuration debconf-utils parted unzip build-essential manpages-dev python bash-completion gdb pkg-config python-rpi.gpio v4l-utils avahi-daemon lua5.1 luajit hardlink ca-certificates curl fake-hwclock ntp nfs-common usbutils libraspberrypi-dev libraspberrypi-doc libfreetype6-dev dosfstools dphys-swapfile raspberrypi-sys-mods pi-bluetooth apt-listchanges usb-modeswitch apt-transport-https
Install: libgssapi-krb5-2:armhf (1.12.1+dfsg-19+deb8u2, automatic), dc:armhf (1.06.95-9, automatic), libglib2.0-data:armhf (2.42.1-1, automatic), libdpkg-perl:armhf (1.17.27, automatic), console-setup:armhf (1.123), libpython2.7-minimal:armhf (2.7.9-2+deb8u1, automatic), libmpfr4:armhf (3.1.2-2, automatic), ncurses-term:armhf (5.9+20140913-1, automatic), ed:armhf (1.10-2), libopts25:armhf (5.18.4-3, automatic), perl-modules:armhf (5.20.2-3+deb8u6, automatic), bash-completion:armhf (2.1-4), libdaemon0:armhf (0.14-6, automatic), libsasl2-2:armhf (2.1.26.dfsg1-13+deb8u1, automatic), raspberrypi-sys-mods:armhf (20170302), libpod-readme-perl:armhf (0.11-1, automatic), libv4l-0:armhf (1.6.0-2, automatic), libfile-fcntllock-perl:armhf (0.22-1+b1, automatic), libtext-template-perl:armhf (1.46-1, automatic), python2.7:armhf (2.7.9-2+deb8u1, automatic), perl:armhf (5.20.2-3+deb8u6, automatic), make:armhf (4.0-8.1, automatic), libmro-compat-perl:armhf (0.12-1, automatic), libraspberrypi-doc:armhf (1.20170303-1), libxml2:armhf (2.9.1+dfsg1-5+deb8u4, automatic), strace:armhf (4.9-2), iw:armhf (3.17-1, automatic), libpython2.7-stdlib:armhf (2.7.9-2+deb8u1, automatic), xkb-data:armhf (2.12-1, automatic), libx11-data:armhf (1.6.2-3, automatic), libmodule-signature-perl:armhf (0.73-1+deb8u2, automatic), libterm-ui-perl:armhf (0.42-1, automatic), libcloog-isl4:armhf (0.18.2-1, automatic), dbus:armhf (1.8.22-0+deb8u1, automatic), libv4lconvert0:armhf (1.6.0-2, automatic), libmagic1:armhf (5.22+15-2+deb8u3, automatic), libtirpc1:armhf (0.2.5-1, automatic), liblog-message-simple-perl:armhf (0.10-2, automatic), libnl-3-200:armhf (3.2.24-2, automatic), keyboard-configuration:armhf (1.123), python-minimal:armhf (2.7.9-1, automatic), debconf-utils:armhf (1.5.56), geoip-database:armhf (20150317-1, automatic), libfreetype6-dev:armhf (2.6-2rpi1rpi1g), libpng12-dev:armhf (1.2.50-2+deb8u3, automatic), apt-listchanges:armhf (2.85.13+nmu1), libcurl3:armhf (7.38.0-4+deb8u5, automatic), fakeroot:armhf (1.20.2-1, automatic), openssh-sftp-server:armhf (6.7p1-5+deb8u3, automatic), dpkg-dev:armhf (1.17.27, automatic), libalgorithm-merge-perl:armhf (0.08-2, automatic), sudo:armhf (1.8.10p3-1+deb8u3), python-apt-common:armhf (0.9.3.12, automatic), libxmuu1:armhf (1.1.2-1, automatic), libc6-dbg:armhf (2.19-18+deb8u7, automatic), libpod-latex-perl:armhf (0.61-1, automatic), openssh-server:armhf (6.7p1-5+deb8u3, automatic), libsasl2-modules-db:armhf (2.1.26.dfsg1-13+deb8u1, automatic), libssh2-1:armhf (1.4.3-4.1+deb8u1, automatic), rename:armhf (0.20-3, automatic), libisccc90:armhf (9.9.5.dfsg-9+deb8u10, automatic), libsub-exporter-perl:armhf (0.986-1, automatic), file:armhf (5.22+15-2+deb8u3, automatic), console-setup-linux:armhf (1.123, automatic), libtext-soundex-perl:armhf (3.4-1+b2, automatic), libxdmcp6:armhf (1.1.1-1, automatic), rpcbind:armhf (0.2.1-6+deb8u1, automatic), libclass-c3-perl:armhf (0.26-1, automatic), libc6-dev:armhf (2.19-18+deb8u7, automatic), build-essential:armhf (11.7), libdata-optlist-perl:armhf (0.109-1, automatic), libclass-c3-xs-perl:armhf (0.13-2+b1, automatic), libpython-stdlib:armhf (2.7.9-1, automatic), libwrap0:armhf (7.6.q-25, automatic), libavahi-common-data:armhf (0.6.31-5, automatic), g++-4.9:armhf (4.9.2-10, automatic), libatomic1:armhf (4.9.2-10, automatic), libgcc-4.9-dev:armhf (4.9.2-10, automatic), libfcgi-perl:armhf (0.77-1+deb8u1, automatic), libregexp-common-perl:armhf (2013031301-1, automatic), libx11-6:armhf (1.6.2-3, automatic), ncdu:armhf (1.10-1), curl:armhf (7.38.0-4+deb8u5), patch:armhf (2.7.5-1, automatic), mime-support:armhf (3.58, automatic), libalgorithm-diff-perl:armhf (1.19.02-3, automatic), g++:armhf (4.9.2-2, automatic), xml-core:armhf (0.13+nmu2, automatic), gdbserver:armhf (7.7.1+dfsg-5+rpi1, automatic), libisc95:armhf (9.9.5.dfsg-9+deb8u10, automatic), python-rpi.gpio:armhf (0.6.3~jessie-1), dphys-swapfile:armhf (20100506-1), libparams-util-perl:armhf (1.07-2+b1, automatic), libbind9-90:armhf (9.9.5.dfsg-9+deb8u10, automatic), libdns100:armhf (9.9.5.dfsg-9+deb8u10, automatic), libstdc++-4.9-dev:armhf (4.9.2-10, automatic), libtimedate-perl:armhf (2.3000-2, automatic), python-apt:armhf (0.9.3.12, automatic), locales:armhf (2.19-18+deb8u7), libpackage-constants-perl:armhf (0.04-1, automatic), libnss-mdns:armhf (0.10-6, automatic), ssh:armhf (6.7p1-5+deb8u3), libevent-2.0-5:armhf (2.0.21-stable-2+deb8u1, automatic), libglib2.0-0:armhf (2.42.1-1, automatic), nfs-common:armhf (1.2.8-9), libedit2:armhf (3.1-20140620-2, automatic), libisl10:armhf (0.12.2-2, automatic), ntp:armhf (4.2.6.p5+dfsg-7+deb8u2), bzip2:armhf (1.0.6-7, automatic), libldap-2.4-2:armhf (2.4.40+dfsg-1, automatic), libasan1:armhf (4.9.2-10, automatic), liblwres90:armhf (9.9.5.dfsg-9+deb8u10, automatic), sgml-base:armhf (1.26+nmu4, automatic), openssl:armhf (1.0.1t-1+deb8u6, automatic), libavahi-common3:armhf (0.6.31-5, automatic), libc-dev-bin:armhf (2.19-18+deb8u7, automatic), gcc:armhf (4.9.2-2, automatic), dosfstools:armhf (3.0.27-1), libsasl2-modules:armhf (2.1.26.dfsg1-13+deb8u1, automatic), linux-libc-dev:armhf (3.16.7-ckt11-1+deb8u4+rpi1, automatic), zlib1g-dev:armhf (1.2.8.dfsg-2, automatic), iso-codes:armhf (3.57-1, automatic), libdata-section-perl:armhf (0.200006-1, automatic), gdb:armhf (7.7.1+dfsg-5+rpi1), libmpc3:armhf (1.0.2-1, automatic), openssh-client:armhf (6.7p1-5+deb8u3, automatic), bluez-firmware:armhf (1.2-3+rpi1, automatic), avahi-daemon:armhf (0.6.31-5), cpp:armhf (4.9.2-2, automatic), bluez:armhf (5.23-2+rpi2, automatic), libfakeroot:armhf (1.20.2-1, automatic), libxext6:armhf (1.3.3-1, automatic), libcurl3-gnutls:armhf (7.38.0-4+deb8u5, automatic), usb-modeswitch:armhf (2.2.0+repack0-2), libexpat1:armhf (2.1.0-6+deb8u3, automatic), libmodule-build-perl:armhf (0.421000-2+deb8u1, automatic), libisccfg90:armhf (9.9.5.dfsg-9+deb8u10, automatic), libxau6:armhf (1.0.8-1, automatic), v4l-utils:armhf (1.6.0-2), usb-modeswitch-data:armhf (20150115-1, automatic), libusb-1.0-0:armhf (1.0.19-1, automatic), libcpan-meta-perl:armhf (2.142690-1, automatic), pi-bluetooth:armhf (0.1.3), unzip:armhf (6.0-16+deb8u2), libgomp1:armhf (4.9.2-10, automatic), liblog-message-perl:armhf (0.8-1, automatic), libgeoip1:armhf (1.6.2-4, automatic), libcgi-pm-perl:armhf (4.09-1, automatic), shared-mime-info:armhf (1.3-1, automatic), python2.7-minimal:armhf (2.7.9-2+deb8u1, automatic), libarchive-extract-perl:armhf (0.72-1, automatic), libsoftware-license-perl:armhf (0.103010-3, automatic), bind9-host:armhf (9.9.5.dfsg-9+deb8u10, automatic), crda:armhf (3.13-1), libjpeg62-turbo:armhf (1.3.1-12, automatic), lsb-release:armhf (4.1+Debian13+rpi1+nmu1, automatic), fake-hwclock:armhf (0.9), kbd:armhf (1.15.5-2, automatic), binutils:armhf (2.25-5, automatic), libv4l2rds0:armhf (1.6.0-2, automatic), manpages-dev:armhf (3.74-1), libsub-install-perl:armhf (0.928-1, automatic), wireless-regdb:armhf (2016.06.10-1~deb8u1, automatic), libalgorithm-c3-perl:armhf (0.09-1, automatic), libpython2.7:armhf (2.7.9-2+deb8u1, automatic), libmodule-pluggable-perl:armhf (5.1-1, automatic), pkg-config:armhf (0.28-1), ca-certificates:armhf (20141019+deb8u2), usbutils:armhf (007-2), libnl-genl-3-200:armhf (3.2.24-2, automatic), hardlink:armhf (0.3.0), xdg-user-dirs:armhf (0.15-2, automatic), python-support:armhf (1.0.15, automatic), libfreetype6:armhf (2.6-2rpi1rpi1g, automatic), python:armhf (2.7.9-1), libnfsidmap2:armhf (0.25-5, automatic), fbset:armhf (2.1-28), libcgi-fast-perl:armhf (2.04-1, automatic), libxcb1:armhf (1.10-3, automatic), luajit:armhf (2.0.3+dfsg-3), whois:armhf (5.2.7, automatic), libraspberrypi-dev:armhf (1.20170303-1), libluajit-5.1-common:armhf (2.0.3+dfsg-3, automatic), xauth:armhf (1.0.9-1, automatic), cpp-4.9:armhf (4.9.2-10, automatic), gcc-4.9:armhf (4.9.2-10, automatic), libjim0.75:armhf (0.75-1, automatic), libubsan0:armhf (4.9.2-10, automatic), librtmp1:armhf (2.4+20150115.gita107cef-1, automatic), tcpd:armhf (7.6.q-25, automatic), libalgorithm-diff-xs-perl:armhf (0.04-3+b1, automatic), libavahi-core7:armhf (0.6.31-5, automatic), apt-transport-https:armhf (1.0.9.8.4), module-init-tools:armhf (18-3)
End-Date: 2017-03-03  15:33:17

Start-Date: 2017-03-03  15:33:39
Commandline: /usr/bin/apt-get install -y wpasupplicant wireless-tools firmware-atheros firmware-brcm80211 firmware-libertas firmware-ralink firmware-realtek raspberrypi-net-mods dhcpcd5
Install: openresolv:armhf (3.5.2-1, automatic), libpcsclite1:armhf (1.8.13-1+deb8u1, automatic), firmware-atheros:armhf (0.43+rpi5), firmware-libertas:armhf (0.43+rpi5), firmware-ralink:armhf (0.43+rpi5), wireless-tools:armhf (30~pre9-8), raspberrypi-net-mods:armhf (1.2.5), firmware-realtek:armhf (0.43+rpi5), libiw30:armhf (30~pre9-8, automatic), dhcpcd5:armhf (6.7.1-1+rpi5), wpasupplicant:armhf (2.3-1+deb8u4), firmware-brcm80211:armhf (0.43+rpi5)
End-Date: 2017-03-03  15:33:53

Start-Date: 2017-03-07  14:29:33
Commandline: apt install vim
Install: vim-runtime:armhf (7.4.488-7+deb8u2, automatic), libgpm2:armhf (1.20.4-6.1, automatic), vim:armhf (7.4.488-7+deb8u2)
End-Date: 2017-03-07  14:30:27

Start-Date: 2017-03-07  14:31:42
Commandline: apt install omxplayer
Install: libldb1:armhf (1.1.20-0+deb8u1, automatic), libtdb1:armhf (1.3.6-0+deb8u1, automatic), fonts-freefont-ttf:armhf (20120503-4, automatic), python-talloc:armhf (2.1.2-0+deb8u1, automatic), libtevent0:armhf (0.9.28-0+deb8u1, automatic), libavahi-client3:armhf (0.6.31-5, automatic), libsmbclient:armhf (4.2.14+dfsg-0+deb8u2, automatic), samba-libs:armhf (4.2.14+dfsg-0+deb8u2, automatic), libcups2:armhf (1.7.5-11+deb8u1, automatic), libntdb1:armhf (1.0-5, automatic), omxplayer:armhf (0.3.7~git20160923~dfea8c9), libssh-4:armhf (0.6.3-4+deb8u2, automatic)
End-Date: 2017-03-07  14:32:36

Start-Date: 2017-03-07  15:04:42
Commandline: apt-get install portaudio19-dev python-dev alsa-utils
Install: libportaudio2:armhf (19+svn20140130-1, automatic), libexpat1-dev:armhf (2.1.0-6+deb8u3, automatic), libpython2.7-dev:armhf (2.7.9-2+deb8u1, automatic), libportaudiocpp0:armhf (19+svn20140130-1, automatic), portaudio19-dev:armhf (19+svn20140130-1), libpython-dev:armhf (2.7.9-1, automatic), uuid-dev:armhf (2.25.2-6, automatic), libjack-dev:armhf (0.124.1+20140122git5013bed0-3, automatic), python-dev:armhf (2.7.9-1), libjack0:armhf (0.124.1+20140122git5013bed0-3, automatic), libasound2-dev:armhf (1.0.28-1+rpi2, automatic), python2.7-dev:armhf (2.7.9-2+deb8u1, automatic)
End-Date: 2017-03-07  15:05:49

Start-Date: 2017-03-07  15:06:48
Commandline: apt install python-pip
Install: python-pkg-resources:armhf (5.5.1-1, automatic), python-setuptools:armhf (5.5.1-1, automatic), python-html5lib:armhf (0.999-3, automatic), python-distlib:armhf (0.1.9-1, automatic), python-pip:armhf (1.5.6-5), python-colorama:armhf (0.3.2-1, automatic), python-openssl:armhf (0.13.1-2, automatic), python-pyasn1:armhf (0.1.7-1, automatic), python-chardet:armhf (2.3.0-1, automatic), python-urllib3:armhf (1.9.1-3, automatic), python-requests:armhf (2.4.3-6, automatic), python-six:armhf (1.8.0-1, automatic), python-wheel:armhf (0.24.0-1, automatic), python-ndg-httpsclient:armhf (0.3.2-1, automatic)
End-Date: 2017-03-07  15:08:10

Start-Date: 2017-03-07  15:10:58
Commandline: apt-get install libav-tools
Install: libx11-xcb1:armhf (1.6.2-3, automatic), libflac8:armhf (1.3.0-3, automatic), libsm6:armhf (1.2.2-1, automatic), libcdio-paranoia1:armhf (0.83-4.2, automatic), libraw1394-11:armhf (2.1.0-3, automatic), libx264-142:armhf (0.142.2431+gita5831aa-1+rpi2, automatic), libsndfile1:armhf (1.0.25-9.1+deb8u1, automatic), libsdl1.2debian:armhf (1.2.15-10+rpi1, automatic), libdrm-freedreno1:armhf (2.4.71-1+rpi1, automatic), libxcb-glx0:armhf (1.10-3, automatic), libasyncns0:armhf (0.8-5, automatic), libglapi-mesa:armhf (13.0.0-1+rpi1, automatic), libavdevice55:armhf (11.8-1~deb8u1+rpi1, automatic), libva1:armhf (1.7.3-2, automatic), libxxf86vm1:armhf (1.1.3-1, automatic), libogg0:armhf (1.3.2-1, automatic), libopencv-core2.4:armhf (2.4.9.1+dfsg-1+deb8u1, automatic), liborc-0.4-0:armhf (0.4.22-1rpi1rpi1g, automatic), libxcb-dri3-0:armhf (1.10-3, automatic), mesa-va-drivers:armhf (13.0.0-1+rpi1, automatic), libdrm-radeon1:armhf (2.4.71-1+rpi1, automatic), libavfilter5:armhf (11.8-1~deb8u1+rpi1, automatic), va-driver-all:armhf (1.7.3-2, automatic), libav-tools:armhf (11.8-1~deb8u1+rpi1), libcaca0:armhf (0.99.beta19-2, automatic), libavresample2:armhf (11.8-1~deb8u1+rpi1, automatic), libdirectfb-1.2-9:armhf (1.2.10.0-5.1, automatic), libdc1394-22:armhf (2.2.3-1, automatic), libopus0:armhf (1.1-2, automatic), libelf1:armhf (0.159-4.2, automatic), x11-common:armhf (7.7+16, automatic), libavutil54:armhf (11.8-1~deb8u1+rpi1, automatic), libxcb-dri2-0:armhf (1.10-3, automatic), libspeex1:armhf (1.2~rc1.2-1, automatic), libxcb-sync1:armhf (1.10-3, automatic), libxfixes3:armhf (5.0.1-2, automatic), libdrm-nouveau2:armhf (2.4.71-1+rpi1, automatic), libvorbis0a:armhf (1.3.4-2, automatic), libglu1-mesa:armhf (9.0.0-2, automatic), libvdpau1:armhf (1.1.1-1~bpo8+1, automatic), libgl1-mesa-dri:armhf (13.0.0-1+rpi1, automatic), libopencv-imgproc2.4:armhf (2.4.9.1+dfsg-1+deb8u1, automatic), libpulse0:armhf (5.0-13, automatic), libice6:armhf (1.0.9-1, automatic), libxcb-present0:armhf (1.10-3, automatic), libopenjpeg5:armhf (1.5.2-3, automatic), libcdio-cdda1:armhf (0.83-4.2, automatic), libxshmfence1:armhf (1.1-4+rpi1, automatic), libllvm3.9:armhf (3.9-4, automatic), libdrm-amdgpu1:armhf (2.4.71-1+rpi1, automatic), libxdamage1:armhf (1.1.4-2, automatic), libmp3lame0:armhf (3.99.5+repack1-7+deb8u1, automatic), libcdio13:armhf (0.83-4.2, automatic), libswscale3:armhf (11.8-1~deb8u1+rpi1, automatic), libxtst6:armhf (1.2.2-1, automatic), libvorbisenc2:armhf (1.3.4-2, automatic), libtheora0:armhf (1.1.1+dfsg.1-6, automatic), libxvidcore4:armhf (1.3.3-1, automatic), libtxc-dxtn-s2tc0:armhf (0~git20131104-1.1, automatic), libavformat56:armhf (11.8-1~deb8u1+rpi1, automatic), libavcodec56:armhf (11.8-1~deb8u1+rpi1, automatic), libgsm1:armhf (1.0.13-4, automatic), libxi6:armhf (1.7.4-1, automatic), libschroedinger-1.0-0:armhf (1.0.11-2.1, automatic), libvpx1:armhf (1.3.0-3+rvt, automatic), libgl1-mesa-glx:armhf (13.0.0-1+rpi1, automatic)
End-Date: 2017-03-07  15:13:28

Start-Date: 2017-03-09  17:15:48
Commandline: apt-get install python-alsaaudio
Install: libjs-jquery:armhf (1.7.2+dfsg-3.2, automatic), python-alsaaudio:armhf (0.7-1), libjs-underscore:armhf (1.7.0~dfsg-1, automatic), javascript-common:armhf (11, automatic)
End-Date: 2017-03-09  17:15:57

Start-Date: 2017-03-09  17:29:14
Commandline: apt-get install python-pyaudio
Install: python-pyaudio:armhf (0.2.8-1)
End-Date: 2017-03-09  17:29:20

Start-Date: 2017-03-09  17:57:19
Commandline: apt-get install python-pygame
Install: libopenal1:armhf (1.15.1-5, automatic), libfluidsynth1:armhf (1.1.6-2, automatic), musescore-soundfont-gm:armhf (1.3+dfsg1-0.1, automatic), libsdl-image1.2:armhf (1.2.12-5+b1, automatic), libjbig0:armhf (2.1-3.1, automatic), libvorbisfile3:armhf (1.3.4-2, automatic), python-pygame:armhf (1.9.2~pre~r3348-2~bpo8+rpi1), python-numpy:armhf (1.8.2-2, automatic), libjpeg8:armhf (8d1-2, automatic), libblas-common:armhf (1.2.20110419-10, automatic), libopenal-data:armhf (1.15.1-5, automatic), libmad0:armhf (0.15.1b-8, automatic), libblas3:armhf (1.2.20110419-10, automatic), libwebp5:armhf (0.4.1-1.2, automatic), libgfortran3:armhf (4.9.2-10, automatic), libtiff5:armhf (4.0.3-12.3+deb8u2, automatic), libsdl-ttf2.0-0:armhf (2.0.11-3, automatic), libmikmod3:armhf (3.3.7-1, automatic), libportmidi0:armhf (184-2.2, automatic), liblapack3:armhf (3.5.0-4, automatic), libsdl-mixer1.2:armhf (1.2.12-11+b1, automatic)
End-Date: 2017-03-09  17:59:09

Start-Date: 2017-03-09  18:41:03
Commandline: apt install espeak
Install: libsonic0:armhf (0.1.17-1.1, automatic), espeak:armhf (1.48.04+dfsg-1), libespeak1:armhf (1.48.04+dfsg-1, automatic), espeak-data:armhf (1.48.04+dfsg-1, automatic)
End-Date: 2017-03-09  18:41:24
